Arguments: 
  /usr/local/bin/node /usr/local/bin/yarn add typeacript jest ts-jest @types/jest -S

PATH: 
  /usr/local/opt/ncurses/bin:/usr/local/bin:/usr/bin:/bin:/usr/sbin:/sbin:/usr/local/opt/ncurses/bin:/Volumes/macdata/.gopath/bin:/Volumes/macdata/.gopath/bin

Yarn version: 
  1.22.4

Node version: 
  12.19.0

Platform: 
  darwin x64

Trace: 
  Error: https://registry.npm.taobao.org/typeacript: Not found
      at Request.params.callback [as _callback] (/usr/local/lib/node_modules/yarn/lib/cli.js:66987:18)
      at Request.self.callback (/usr/local/lib/node_modules/yarn/lib/cli.js:140748:22)
      at Request.emit (events.js:314:20)
      at Request.<anonymous> (/usr/local/lib/node_modules/yarn/lib/cli.js:141720:10)
      at Request.emit (events.js:314:20)
      at IncomingMessage.<anonymous> (/usr/local/lib/node_modules/yarn/lib/cli.js:141642:12)
      at Object.onceWrapper (events.js:420:28)
      at IncomingMessage.emit (events.js:326:22)
      at endReadableNT (_stream_readable.js:1223:12)
      at processTicksAndRejections (internal/process/task_queues.js:84:21)

npm manifest: 
  {
    "name": "ts-exec",
    "version": "1.0.0",
    "description": "JS / TS 练习： 强制自己使用TS",
    "main": "jest.config.js",
    "directories": {
      "test": "test"
    },
    "scripts": {
      "test": "echo \"Error: no test specified\" && exit 1"
    },
    "author": "",
    "license": "ISC"
  }

yarn manifest: 
  No manifest

Lockfile: 
  No lockfile
